[INFO] Scanning for projects...
[INFO] 
[INFO] -----------------------< io.github.mat3e:hello >------------------------
[INFO] Building Hello World 1.0-SNAPSHOT
[INFO] --------------------------------[ jar ]---------------------------------
[INFO] 
[INFO] --- maven-clean-plugin:2.5:clean (default-clean) @ hello ---
[INFO] Deleting C:\Users\karol\Desktop\JAVA\mavenstart\target
[INFO] 
[INFO] --- maven-resources-plugin:2.6:resources (default-resources) @ hello ---
[INFO] Using 'UTF-8' encoding to copy filtered resources.
[INFO] skip non existing resourceDirectory C:\Users\karol\Desktop\JAVA\mavenstart\src\main\resources
[INFO] 
[INFO] --- maven-compiler-plugin:3.8.0:compile (default-compile) @ hello ---
[INFO] Changes detected - recompiling the module!
[INFO] Compiling 1 source file to C:\Users\karol\Desktop\JAVA\mavenstart\target\classes
[INFO] 
[INFO] --- maven-resources-plugin:2.6:testResources (default-testResources) @ hello ---
[INFO] Using 'UTF-8' encoding to copy filtered resources.
[INFO] skip non existing resourceDirectory C:\Users\karol\Desktop\JAVA\mavenstart\src\test\resources
[INFO] 
[INFO] --- maven-compiler-plugin:3.8.0:testCompile (default-testCompile) @ hello ---
[INFO] Changes detected - recompiling the module!
[INFO] Compiling 1 source file to C:\Users\karol\Desktop\JAVA\mavenstart\target\test-classes
[INFO] 
[INFO] --- maven-surefire-plugin:2.12.4:test (default-test) @ hello ---
[INFO] Surefire report directory: C:\Users\karol\Desktop\JAVA\mavenstart\target\surefire-reports

-------------------------------------------------------
 T E S T S
-------------------------------------------------------
Error: Unable to access jarfile C:\Users\karol\Desktop\JAVA\mavenstart\target\surefire\surefirebooter11668297275005845830.jar

Results :

Tests run: 0, Failures: 0, Errors: 0, Skipped: 0

[INFO] ------------------------------------------------------------------------
[INFO] BUILD FAILURE
[INFO] ------------------------------------------------------------------------
[INFO] Total time:  3.057 s
[INFO] Finished at: 2021-01-27T19:28:08+01:00
[INFO] ------------------------------------------------------------------------
[ERROR] Failed to execute goal org.apache.maven.plugins:maven-surefire-plugin:2.12.4:test (default-test) on project hello: Execution default-test of goal org.apache.maven.plugins:maven-surefire-plugin:2.12.4:test failed: The forked VM terminated without saying properly goodbye. VM crash or System.exit called ? -> [Help 1]
[ERROR] 
[ERROR] To see the full stack trace of the errors, re-run Maven with the -e switch.
[ERROR] Re-run Maven using the -X switch to enable full debug logging.
[ERROR] 
[ERROR] For more information about the errors and possible solutions, please read the following articles:
[ERROR] [Help 1] http://cwiki.apache.org/confluence/display/MAVEN/PluginExecutionException
